<?xml version="1.0" encoding="UTF-8"?>
<!-- Generated by org.testng.reporters.JUnitReportReporter -->
<testsuite name="com.aws.tests.CreateEc2InstanceWFTests" tests="1" time="56.392" ignored="0" failures="0" timestamp="27 Nov 2017 20:28:54 GMT" skipped="0" hostname="L75305803" errors="1">
  <testcase name="CreateEc2InstanceWFTest" time="56.392" classname="com.aws.tests.CreateEc2InstanceWFTests">
    <error type="com.amazonaws.services.ec2.model.AmazonEC2Exception" message="The instance ID &#039;i-06f4009cd703a6865&#039; does not exist (Service: AmazonEC2; Status Code: 400; Error Code: InvalidInstanceID.NotFound; Request ID: 1b4462e5-a24b-4794-8fde-bc019c55d1b6)">
      <![CDATA[com.amazonaws.services.ec2.model.AmazonEC2Exception: The instance ID 'i-06f4009cd703a6865' does not exist (Service: AmazonEC2; Status Code: 400; Error Code: InvalidInstanceID.NotFound; Request ID: 1b4462e5-a24b-4794-8fde-bc019c55d1b6)
	at com.amazonaws.http.AmazonHttpClient$RequestExecutor.handleErrorResponse(AmazonHttpClient.java:1639)
	at com.amazonaws.http.AmazonHttpClient$RequestExecutor.executeOneRequest(AmazonHttpClient.java:1304)
	at com.amazonaws.http.AmazonHttpClient$RequestExecutor.executeHelper(AmazonHttpClient.java:1056)
	at com.amazonaws.http.AmazonHttpClient$RequestExecutor.doExecute(AmazonHttpClient.java:743)
	at com.amazonaws.http.AmazonHttpClient$RequestExecutor.executeWithTimer(AmazonHttpClient.java:717)
	at com.amazonaws.http.AmazonHttpClient$RequestExecutor.execute(AmazonHttpClient.java:699)
	at com.amazonaws.http.AmazonHttpClient$RequestExecutor.access$500(AmazonHttpClient.java:667)
	at com.amazonaws.http.AmazonHttpClient$RequestExecutionBuilderImpl.execute(AmazonHttpClient.java:649)
	at com.amazonaws.http.AmazonHttpClient.execute(AmazonHttpClient.java:513)
	at com.amazonaws.services.ec2.AmazonEC2Client.doInvoke(AmazonEC2Client.java:14388)
	at com.amazonaws.services.ec2.AmazonEC2Client.invoke(AmazonEC2Client.java:14364)
	at com.amazonaws.services.ec2.AmazonEC2Client.executeStopInstances(AmazonEC2Client.java:13960)
	at com.amazonaws.services.ec2.AmazonEC2Client.stopInstances(AmazonEC2Client.java:13937)
	at com.aws.tests.CreateEc2InstanceWFTests.stopInstance(CreateEc2InstanceWFTests.java:67)
	at com.aws.tests.CreateEc2InstanceWFTests.CreateEc2InstanceWFTest(CreateEc2InstanceWFTests.java:53)
	at sun.reflect.NativeMethodAccessorImpl.invoke0(Native Method)
	at sun.reflect.NativeMethodAccessorImpl.invoke(NativeMethodAccessorImpl.java:62)
	at sun.reflect.DelegatingMethodAccessorImpl.invoke(DelegatingMethodAccessorImpl.java:43)
	at java.lang.reflect.Method.invoke(Method.java:498)
	at org.testng.internal.MethodInvocationHelper.invokeMethod(MethodInvocationHelper.java:104)
	at org.testng.internal.Invoker.invokeMethod(Invoker.java:645)
	at org.testng.internal.Invoker.invokeTestMethod(Invoker.java:851)
	at org.testng.internal.Invoker.invokeTestMethods(Invoker.java:1177)
	at org.testng.internal.TestMethodWorker.invokeTestMethods(TestMethodWorker.java:129)
	at org.testng.internal.TestMethodWorker.run(TestMethodWorker.java:112)
	at org.testng.TestRunner.privateRun(TestRunner.java:756)
	at org.testng.TestRunner.run(TestRunner.java:610)
	at org.testng.SuiteRunner.runTest(SuiteRunner.java:387)
	at org.testng.SuiteRunner.runSequentially(SuiteRunner.java:382)
	at org.testng.SuiteRunner.privateRun(SuiteRunner.java:340)
	at org.testng.SuiteRunner.run(SuiteRunner.java:289)
	at org.testng.SuiteRunnerWorker.runSuite(SuiteRunnerWorker.java:52)
	at org.testng.SuiteRunnerWorker.run(SuiteRunnerWorker.java:86)
	at org.testng.TestNG.runSuitesSequentially(TestNG.java:1293)
	at org.testng.TestNG.runSuitesLocally(TestNG.java:1218)
	at org.testng.TestNG.runSuites(TestNG.java:1133)
	at org.testng.TestNG.run(TestNG.java:1104)
	at org.testng.remote.AbstractRemoteTestNG.run(AbstractRemoteTestNG.java:114)
	at org.testng.remote.RemoteTestNG.initAndRun(RemoteTestNG.java:251)
	at org.testng.remote.RemoteTestNG.main(RemoteTestNG.java:77)
]]>
    </error>
  </testcase> <!-- CreateEc2InstanceWFTest -->
</testsuite> <!-- com.aws.tests.CreateEc2InstanceWFTests -->
